<?xml version="1.0" encoding="UTF-8"?>
<!-- Generated by org.testng.reporters.JUnitReportReporter -->
<testsuite hostname="user01" failures="0" tests="4" name="testCases.TC003_LoginDDT" time="55.468" errors="0" timestamp="2023-08-16T12:38:56 IST" skipped="0">
  <testcase classname="testCases.TC003_LoginDDT" name="test_LoginDDT" time="11.301"/>
  <system-out/>
  <testcase classname="testCases.TC003_LoginDDT" name="test_LoginDDT" time="20.557"/>
  <system-out/>
  <testcase classname="testCases.TC003_LoginDDT" name="test_LoginDDT" time="11.682"/>
  <system-out/>
  <testcase classname="testCases.TC003_LoginDDT" name="test_LoginDDT" time="11.928"/>
  <system-out/>
</testsuite> <!-- testCases.TC003_LoginDDT -->
