<?xml version="1.0" encoding="UTF-8"?>
<!-- Generated by org.testng.reporters.JUnitReportReporter -->
<testsuite hostname="user01" failures="0" tests="1" name="testCases.TC002_LoginTest" time="25.229" errors="0" timestamp="2023-08-16T13:47:03 IST" skipped="0">
  <testcase classname="testCases.TC002_LoginTest" name="test_Login" time="25.229"/>
  <system-out/>
</testsuite> <!-- testCases.TC002_LoginTest -->
