<?xml version="1.0" encoding="UTF-8"?>
<!-- Generated by org.testng.reporters.JUnitReportReporter -->
<testsuite hostname="user01" failures="0" tests="1" name="Selenium.webdriver.basictests.DragAndDrop" time="26.526" errors="0" timestamp="2023-07-10T18:14:02 IST" skipped="0">
  <testcase classname="Selenium.webdriver.basictests.DragAndDrop" name="mymethod" time="26.526"/>
  <system-out/>
</testsuite> <!-- Selenium.webdriver.basictests.DragAndDrop -->
