<?xml version="1.0" encoding="UTF-8"?>
<!-- Generated by org.testng.reporters.JUnitReportReporter -->
<testsuite hostname="user01" failures="0" tests="1" name="Selenium.webdriver.basictests.HandleStaticAndDynamicWebTables" time="27.960" errors="0" timestamp="2023-07-21T15:14:26 IST" skipped="0">
  <testcase classname="Selenium.webdriver.basictests.HandleStaticAndDynamicWebTables" name="tables" time="27.960"/>
  <system-out/>
</testsuite> <!-- Selenium.webdriver.basictests.HandleStaticAndDynamicWebTables -->
