<?xml version="1.0" encoding="UTF-8"?>
<!-- Generated by org.testng.reporters.JUnitReportReporter -->
<testsuite hostname="user01" failures="0" tests="1" name="Selenium.webdriver.basictests.ActionClass" time="122.405" errors="0" timestamp="2023-07-09T22:04:16 IST" skipped="0">
  <testcase classname="Selenium.webdriver.basictests.ActionClass" name="actiondemo" time="122.405"/>
  <system-out/>
</testsuite> <!-- Selenium.webdriver.basictests.ActionClass -->
