<?xml version="1.0" encoding="UTF-8"?>
<!-- Generated by org.testng.reporters.JUnitReportReporter -->
<testsuite hostname="user01" failures="0" tests="1" name="Selenium.webdriver.basictests.ScreenshotDemo" time="210.387" errors="0" timestamp="2023-08-05T18:09:17 IST" skipped="0">
  <testcase classname="Selenium.webdriver.basictests.ScreenshotDemo" name="show" time="210.387"/>
  <system-out/>
</testsuite> <!-- Selenium.webdriver.basictests.ScreenshotDemo -->
